<?xml version="1.0" encoding="UTF-8"?>
<!-- Generated by org.testng.reporters.JUnitXMLReporter -->
<testsuite ignored="4" hostname="DESKTOP-47I2M5I" failures="0" tests="1" name="Default test" time="7.461" errors="0" timestamp="2025-01-15T15:03:51 CST">
  <testcase classname="Test.com.javaframework.Login" name="verifyLoginWithValidCredential" time="1.453"/>
  <testcase classname="Test.com.javaframework.Login" name="verifyLoginWithInValidEmailInvalidPassword" time="0.0">
    <ignored/>
  </testcase> <!-- verifyLoginWithInValidEmailInvalidPassword -->
  <testcase classname="Test.com.javaframework.Login" name="verifyLoginWithBlankEmailAndPassword" time="0.0">
    <ignored/>
  </testcase> <!-- verifyLoginWithBlankEmailAndPassword -->
  <testcase classname="Test.com.javaframework.Login" name="verifyLoginWithValidCredentialDP" time="0.0">
    <ignored/>
  </testcase> <!-- verifyLoginWithValidCredentialDP -->
  <testcase classname="Test.com.javaframework.Login" name="verifyLoginWithInValidCredential" time="0.0">
    <ignored/>
  </testcase> <!-- verifyLoginWithInValidCredential -->
</testsuite> <!-- Default test -->
