<?xml version="1.0" encoding="UTF-8"?>
<!-- Generated by org.testng.reporters.JUnitXMLReporter -->
<testsuite ignored="0" hostname="DESKTOP-47I2M5I" failures="0" tests="7" name="ChromeTest" time="56.789" errors="0" timestamp="2025-01-17T12:01:18 CST">
  <testcase classname="Test.com.javaframework.LoginTest" name="verifyLoginWithValidCredential" time="1.714"/>
  <testcase classname="Test.com.javaframework.LoginTest" name="verifyLoginWithInValidCredential" time="0.974"/>
  <testcase classname="Test.com.javaframework.LoginTest" name="verifyLoginWithInValidEmailInvalidPassword" time="0.97"/>
  <testcase classname="Test.com.javaframework.LoginTest" name="verifyLoginWithBlankEmailAndPassword" time="0.785"/>
  <testcase classname="Test.com.javaframework.LoginTest" name="verifyLoginWithValidCredentialDP" time="6.502"/>
  <testcase classname="Test.com.javaframework.LoginTest" name="verifyLoginWithValidCredentialDP" time="6.269"/>
  <testcase classname="Test.com.javaframework.LoginTest" name="verifyLoginWithValidCredentialDP" time="6.485"/>
</testsuite> <!-- ChromeTest -->
