<?xml version="1.0" encoding="UTF-8"?>
<!-- Generated by org.testng.reporters.JUnitXMLReporter -->
<testsuite ignored="0" hostname="DESKTOP-47I2M5I" failures="0" tests="7" name="FirefoxTest" time="83.975" errors="0" timestamp="2025-01-17T12:00:19 CST">
  <testcase classname="Test.com.javaframework.LoginTest" name="verifyLoginWithValidCredential" time="2.114"/>
  <testcase classname="Test.com.javaframework.LoginTest" name="verifyLoginWithInValidCredential" time="0.968"/>
  <testcase classname="Test.com.javaframework.LoginTest" name="verifyLoginWithInValidEmailInvalidPassword" time="0.801"/>
  <testcase classname="Test.com.javaframework.LoginTest" name="verifyLoginWithBlankEmailAndPassword" time="1.029"/>
  <testcase classname="Test.com.javaframework.LoginTest" name="verifyLoginWithValidCredentialDP" time="6.474"/>
  <testcase classname="Test.com.javaframework.LoginTest" name="verifyLoginWithValidCredentialDP" time="6.487"/>
  <testcase classname="Test.com.javaframework.LoginTest" name="verifyLoginWithValidCredentialDP" time="6.786"/>
</testsuite> <!-- FirefoxTest -->
