<?xml version="1.0" encoding="UTF-8"?>
<testng-results ignored="0" total="14" passed="14" failed="0" skipped="0">
  <reporter-output>
  </reporter-output>
  <suite started-at="2025-01-17T11:58:55 CST" name="Test Automation Framework Suite" finished-at="2025-01-17T12:01:18 CST" duration-ms="142136">
    <groups>
    </groups>
    <test started-at="2025-01-17T11:58:55 CST" name="FirefoxTest" finished-at="2025-01-17T12:00:19 CST" duration-ms="83975">
      <class name="Test.com.javaframework.LoginTest">
        <test-method is-config="true" signature="setup(java.lang.String)[pri:0, instance:Test.com.javaframework.LoginTest@7b98f307]" started-at="2025-01-17T11:58:56 CST" name="setup" finished-at="2025-01-17T11:59:03 CST" duration-ms="7875" status="PASS">
          <params>
            <param index="0">
              <value>
                <![CDATA[firefox]]>
              </value>
            </param>
          </params>
          <reporter-output>
          </reporter-output>
        </test-method> <!-- setup -->
        <test-method signature="verifyLoginWithValidCredential()[pri:1, instance:Test.com.javaframework.LoginTest@7b98f307]" started-at="2025-01-17T11:59:03 CST" name="verifyLoginWithValidCredential" finished-at="2025-01-17T11:59:06 CST" duration-ms="2114" status="PASS">
          <reporter-output>
          </reporter-output>
        </test-method> <!-- verifyLoginWithValidCredential -->
        <test-method is-config="true" signature="teardown()[pri:0, instance:Test.com.javaframework.LoginTest@7b98f307]" started-at="2025-01-17T11:59:06 CST" name="teardown" finished-at="2025-01-17T11:59:07 CST" duration-ms="1003" status="PASS">
          <reporter-output>
          </reporter-output>
        </test-method> <!-- teardown -->
        <test-method is-config="true" signature="setup(java.lang.String)[pri:0, instance:Test.com.javaframework.LoginTest@7b98f307]" started-at="2025-01-17T11:59:07 CST" name="setup" finished-at="2025-01-17T11:59:14 CST" duration-ms="7220" status="PASS">
          <params>
            <param index="0">
              <value>
                <![CDATA[firefox]]>
              </value>
            </param>
          </params>
          <reporter-output>
          </reporter-output>
        </test-method> <!-- setup -->
        <test-method signature="verifyLoginWithInValidCredential()[pri:2, instance:Test.com.javaframework.LoginTest@7b98f307]" started-at="2025-01-17T11:59:14 CST" name="verifyLoginWithInValidCredential" finished-at="2025-01-17T11:59:15 CST" duration-ms="968" status="PASS">
          <reporter-output>
          </reporter-output>
        </test-method> <!-- verifyLoginWithInValidCredential -->
        <test-method is-config="true" signature="teardown()[pri:0, instance:Test.com.javaframework.LoginTest@7b98f307]" started-at="2025-01-17T11:59:15 CST" name="teardown" finished-at="2025-01-17T11:59:16 CST" duration-ms="986" status="PASS">
          <reporter-output>
          </reporter-output>
        </test-method> <!-- teardown -->
        <test-method is-config="true" signature="setup(java.lang.String)[pri:0, instance:Test.com.javaframework.LoginTest@7b98f307]" started-at="2025-01-17T11:59:16 CST" name="setup" finished-at="2025-01-17T11:59:23 CST" duration-ms="7363" status="PASS">
          <params>
            <param index="0">
              <value>
                <![CDATA[firefox]]>
              </value>
            </param>
          </params>
          <reporter-output>
          </reporter-output>
        </test-method> <!-- setup -->
        <test-method signature="verifyLoginWithInValidEmailInvalidPassword()[pri:3, instance:Test.com.javaframework.LoginTest@7b98f307]" started-at="2025-01-17T11:59:23 CST" name="verifyLoginWithInValidEmailInvalidPassword" finished-at="2025-01-17T11:59:24 CST" duration-ms="801" status="PASS">
          <reporter-output>
          </reporter-output>
        </test-method> <!-- verifyLoginWithInValidEmailInvalidPassword -->
        <test-method is-config="true" signature="teardown()[pri:0, instance:Test.com.javaframework.LoginTest@7b98f307]" started-at="2025-01-17T11:59:24 CST" name="teardown" finished-at="2025-01-17T11:59:25 CST" duration-ms="943" status="PASS">
          <reporter-output>
          </reporter-output>
        </test-method> <!-- teardown -->
        <test-method is-config="true" signature="setup(java.lang.String)[pri:0, instance:Test.com.javaframework.LoginTest@7b98f307]" started-at="2025-01-17T11:59:25 CST" name="setup" finished-at="2025-01-17T11:59:32 CST" duration-ms="7163" status="PASS">
          <params>
            <param index="0">
              <value>
                <![CDATA[firefox]]>
              </value>
            </param>
          </params>
          <reporter-output>
          </reporter-output>
        </test-method> <!-- setup -->
        <test-method signature="verifyLoginWithBlankEmailAndPassword()[pri:4, instance:Test.com.javaframework.LoginTest@7b98f307]" started-at="2025-01-17T11:59:32 CST" name="verifyLoginWithBlankEmailAndPassword" finished-at="2025-01-17T11:59:33 CST" duration-ms="1029" status="PASS">
          <reporter-output>
          </reporter-output>
        </test-method> <!-- verifyLoginWithBlankEmailAndPassword -->
        <test-method is-config="true" signature="teardown()[pri:0, instance:Test.com.javaframework.LoginTest@7b98f307]" started-at="2025-01-17T11:59:33 CST" name="teardown" finished-at="2025-01-17T11:59:34 CST" duration-ms="1355" status="PASS">
          <reporter-output>
          </reporter-output>
        </test-method> <!-- teardown -->
        <test-method is-config="true" signature="setup(java.lang.String)[pri:0, instance:Test.com.javaframework.LoginTest@7b98f307]" started-at="2025-01-17T11:59:35 CST" name="setup" finished-at="2025-01-17T11:59:42 CST" duration-ms="6692" status="PASS">
          <params>
            <param index="0">
              <value>
                <![CDATA[firefox]]>
              </value>
            </param>
          </params>
          <reporter-output>
          </reporter-output>
        </test-method> <!-- setup -->
        <test-method signature="verifyLoginWithValidCredentialDP(java.lang.String,java.lang.String)[pri:5, instance:Test.com.javaframework.LoginTest@7b98f307]" started-at="2025-01-17T11:59:42 CST" name="verifyLoginWithValidCredentialDP" data-provider="DataforLogin" finished-at="2025-01-17T11:59:48 CST" duration-ms="6474" status="PASS">
          <params>
            <param index="0">
              <value>
                <![CDATA[amotooricap5@gmail.com]]>
              </value>
            </param>
            <param index="1">
              <value>
                <![CDATA[12345]]>
              </value>
            </param>
          </params>
          <reporter-output>
          </reporter-output>
        </test-method> <!-- verifyLoginWithValidCredentialDP -->
        <test-method is-config="true" signature="teardown()[pri:0, instance:Test.com.javaframework.LoginTest@7b98f307]" started-at="2025-01-17T11:59:48 CST" name="teardown" finished-at="2025-01-17T11:59:50 CST" duration-ms="1376" status="PASS">
          <reporter-output>
          </reporter-output>
        </test-method> <!-- teardown -->
        <test-method is-config="true" signature="setup(java.lang.String)[pri:0, instance:Test.com.javaframework.LoginTest@7b98f307]" started-at="2025-01-17T11:59:50 CST" name="setup" finished-at="2025-01-17T11:59:57 CST" duration-ms="7215" status="PASS">
          <params>
            <param index="0">
              <value>
                <![CDATA[firefox]]>
              </value>
            </param>
          </params>
          <reporter-output>
          </reporter-output>
        </test-method> <!-- setup -->
        <test-method signature="verifyLoginWithValidCredentialDP(java.lang.String,java.lang.String)[pri:5, instance:Test.com.javaframework.LoginTest@7b98f307]" started-at="2025-01-17T11:59:57 CST" name="verifyLoginWithValidCredentialDP" data-provider="DataforLogin" finished-at="2025-01-17T12:00:03 CST" duration-ms="6487" status="PASS">
          <params>
            <param index="0">
              <value>
                <![CDATA[amotooricap3@gmail.com]]>
              </value>
            </param>
            <param index="1">
              <value>
                <![CDATA[12345]]>
              </value>
            </param>
          </params>
          <reporter-output>
          </reporter-output>
        </test-method> <!-- verifyLoginWithValidCredentialDP -->
        <test-method is-config="true" signature="teardown()[pri:0, instance:Test.com.javaframework.LoginTest@7b98f307]" started-at="2025-01-17T12:00:03 CST" name="teardown" finished-at="2025-01-17T12:00:05 CST" duration-ms="1390" status="PASS">
          <reporter-output>
          </reporter-output>
        </test-method> <!-- teardown -->
        <test-method is-config="true" signature="setup(java.lang.String)[pri:0, instance:Test.com.javaframework.LoginTest@7b98f307]" started-at="2025-01-17T12:00:05 CST" name="setup" finished-at="2025-01-17T12:00:12 CST" duration-ms="7077" status="PASS">
          <params>
            <param index="0">
              <value>
                <![CDATA[firefox]]>
              </value>
            </param>
          </params>
          <reporter-output>
          </reporter-output>
        </test-method> <!-- setup -->
        <test-method signature="verifyLoginWithValidCredentialDP(java.lang.String,java.lang.String)[pri:5, instance:Test.com.javaframework.LoginTest@7b98f307]" started-at="2025-01-17T12:00:12 CST" name="verifyLoginWithValidCredentialDP" data-provider="DataforLogin" finished-at="2025-01-17T12:00:19 CST" duration-ms="6786" status="PASS">
          <params>
            <param index="0">
              <value>
                <![CDATA[amotooricap1@gmail.com]]>
              </value>
            </param>
            <param index="1">
              <value>
                <![CDATA[12345]]>
              </value>
            </param>
          </params>
          <reporter-output>
          </reporter-output>
        </test-method> <!-- verifyLoginWithValidCredentialDP -->
        <test-method is-config="true" signature="teardown()[pri:0, instance:Test.com.javaframework.LoginTest@7b98f307]" started-at="2025-01-17T12:00:19 CST" name="teardown" finished-at="2025-01-17T12:00:19 CST" duration-ms="752" status="PASS">
          <reporter-output>
          </reporter-output>
        </test-method> <!-- teardown -->
      </class> <!-- Test.com.javaframework.LoginTest -->
    </test> <!-- FirefoxTest -->
    <test started-at="2025-01-17T12:00:21 CST" name="ChromeTest" finished-at="2025-01-17T12:01:18 CST" duration-ms="56789">
      <class name="Test.com.javaframework.LoginTest">
        <test-method is-config="true" signature="setup(java.lang.String)[pri:0, instance:Test.com.javaframework.LoginTest@7c6908d7]" started-at="2025-01-17T12:00:21 CST" name="setup" finished-at="2025-01-17T12:00:25 CST" duration-ms="4385" status="PASS">
          <params>
            <param index="0">
              <value>
                <![CDATA[chrome]]>
              </value>
            </param>
          </params>
          <reporter-output>
          </reporter-output>
        </test-method> <!-- setup -->
        <test-method signature="verifyLoginWithValidCredential()[pri:1, instance:Test.com.javaframework.LoginTest@7c6908d7]" started-at="2025-01-17T12:00:25 CST" name="verifyLoginWithValidCredential" finished-at="2025-01-17T12:00:27 CST" duration-ms="1714" status="PASS">
          <reporter-output>
          </reporter-output>
        </test-method> <!-- verifyLoginWithValidCredential -->
        <test-method is-config="true" signature="teardown()[pri:0, instance:Test.com.javaframework.LoginTest@7c6908d7]" started-at="2025-01-17T12:00:27 CST" name="teardown" finished-at="2025-01-17T12:00:27 CST" duration-ms="105" status="PASS">
          <reporter-output>
          </reporter-output>
        </test-method> <!-- teardown -->
        <test-method is-config="true" signature="setup(java.lang.String)[pri:0, instance:Test.com.javaframework.LoginTest@7c6908d7]" started-at="2025-01-17T12:00:27 CST" name="setup" finished-at="2025-01-17T12:00:32 CST" duration-ms="4658" status="PASS">
          <params>
            <param index="0">
              <value>
                <![CDATA[chrome]]>
              </value>
            </param>
          </params>
          <reporter-output>
          </reporter-output>
        </test-method> <!-- setup -->
        <test-method signature="verifyLoginWithInValidCredential()[pri:2, instance:Test.com.javaframework.LoginTest@7c6908d7]" started-at="2025-01-17T12:00:32 CST" name="verifyLoginWithInValidCredential" finished-at="2025-01-17T12:00:33 CST" duration-ms="974" status="PASS">
          <reporter-output>
          </reporter-output>
        </test-method> <!-- verifyLoginWithInValidCredential -->
        <test-method is-config="true" signature="teardown()[pri:0, instance:Test.com.javaframework.LoginTest@7c6908d7]" started-at="2025-01-17T12:00:33 CST" name="teardown" finished-at="2025-01-17T12:00:33 CST" duration-ms="106" status="PASS">
          <reporter-output>
          </reporter-output>
        </test-method> <!-- teardown -->
        <test-method is-config="true" signature="setup(java.lang.String)[pri:0, instance:Test.com.javaframework.LoginTest@7c6908d7]" started-at="2025-01-17T12:00:33 CST" name="setup" finished-at="2025-01-17T12:00:37 CST" duration-ms="4595" status="PASS">
          <params>
            <param index="0">
              <value>
                <![CDATA[chrome]]>
              </value>
            </param>
          </params>
          <reporter-output>
          </reporter-output>
        </test-method> <!-- setup -->
        <test-method signature="verifyLoginWithInValidEmailInvalidPassword()[pri:3, instance:Test.com.javaframework.LoginTest@7c6908d7]" started-at="2025-01-17T12:00:37 CST" name="verifyLoginWithInValidEmailInvalidPassword" finished-at="2025-01-17T12:00:38 CST" duration-ms="970" status="PASS">
          <reporter-output>
          </reporter-output>
        </test-method> <!-- verifyLoginWithInValidEmailInvalidPassword -->
        <test-method is-config="true" signature="teardown()[pri:0, instance:Test.com.javaframework.LoginTest@7c6908d7]" started-at="2025-01-17T12:00:38 CST" name="teardown" finished-at="2025-01-17T12:00:38 CST" duration-ms="76" status="PASS">
          <reporter-output>
          </reporter-output>
        </test-method> <!-- teardown -->
        <test-method is-config="true" signature="setup(java.lang.String)[pri:0, instance:Test.com.javaframework.LoginTest@7c6908d7]" started-at="2025-01-17T12:00:38 CST" name="setup" finished-at="2025-01-17T12:00:43 CST" duration-ms="4533" status="PASS">
          <params>
            <param index="0">
              <value>
                <![CDATA[chrome]]>
              </value>
            </param>
          </params>
          <reporter-output>
          </reporter-output>
        </test-method> <!-- setup -->
        <test-method signature="verifyLoginWithBlankEmailAndPassword()[pri:4, instance:Test.com.javaframework.LoginTest@7c6908d7]" started-at="2025-01-17T12:00:43 CST" name="verifyLoginWithBlankEmailAndPassword" finished-at="2025-01-17T12:00:44 CST" duration-ms="785" status="PASS">
          <reporter-output>
          </reporter-output>
        </test-method> <!-- verifyLoginWithBlankEmailAndPassword -->
        <test-method is-config="true" signature="teardown()[pri:0, instance:Test.com.javaframework.LoginTest@7c6908d7]" started-at="2025-01-17T12:00:44 CST" name="teardown" finished-at="2025-01-17T12:00:44 CST" duration-ms="94" status="PASS">
          <reporter-output>
          </reporter-output>
        </test-method> <!-- teardown -->
        <test-method is-config="true" signature="setup(java.lang.String)[pri:0, instance:Test.com.javaframework.LoginTest@7c6908d7]" started-at="2025-01-17T12:00:44 CST" name="setup" finished-at="2025-01-17T12:00:49 CST" duration-ms="4930" status="PASS">
          <params>
            <param index="0">
              <value>
                <![CDATA[chrome]]>
              </value>
            </param>
          </params>
          <reporter-output>
          </reporter-output>
        </test-method> <!-- setup -->
        <test-method signature="verifyLoginWithValidCredentialDP(java.lang.String,java.lang.String)[pri:5, instance:Test.com.javaframework.LoginTest@7c6908d7]" started-at="2025-01-17T12:00:49 CST" name="verifyLoginWithValidCredentialDP" data-provider="DataforLogin" finished-at="2025-01-17T12:00:55 CST" duration-ms="6502" status="PASS">
          <params>
            <param index="0">
              <value>
                <![CDATA[amotooricap5@gmail.com]]>
              </value>
            </param>
            <param index="1">
              <value>
                <![CDATA[12345]]>
              </value>
            </param>
          </params>
          <reporter-output>
          </reporter-output>
        </test-method> <!-- verifyLoginWithValidCredentialDP -->
        <test-method is-config="true" signature="teardown()[pri:0, instance:Test.com.javaframework.LoginTest@7c6908d7]" started-at="2025-01-17T12:00:55 CST" name="teardown" finished-at="2025-01-17T12:00:55 CST" duration-ms="218" status="PASS">
          <reporter-output>
          </reporter-output>
        </test-method> <!-- teardown -->
        <test-method is-config="true" signature="setup(java.lang.String)[pri:0, instance:Test.com.javaframework.LoginTest@7c6908d7]" started-at="2025-01-17T12:00:55 CST" name="setup" finished-at="2025-01-17T12:01:00 CST" duration-ms="4634" status="PASS">
          <params>
            <param index="0">
              <value>
                <![CDATA[chrome]]>
              </value>
            </param>
          </params>
          <reporter-output>
          </reporter-output>
        </test-method> <!-- setup -->
        <test-method signature="verifyLoginWithValidCredentialDP(java.lang.String,java.lang.String)[pri:5, instance:Test.com.javaframework.LoginTest@7c6908d7]" started-at="2025-01-17T12:01:00 CST" name="verifyLoginWithValidCredentialDP" data-provider="DataforLogin" finished-at="2025-01-17T12:01:06 CST" duration-ms="6269" status="PASS">
          <params>
            <param index="0">
              <value>
                <![CDATA[amotooricap3@gmail.com]]>
              </value>
            </param>
            <param index="1">
              <value>
                <![CDATA[12345]]>
              </value>
            </param>
          </params>
          <reporter-output>
          </reporter-output>
        </test-method> <!-- verifyLoginWithValidCredentialDP -->
        <test-method is-config="true" signature="teardown()[pri:0, instance:Test.com.javaframework.LoginTest@7c6908d7]" started-at="2025-01-17T12:01:06 CST" name="teardown" finished-at="2025-01-17T12:01:06 CST" duration-ms="111" status="PASS">
          <reporter-output>
          </reporter-output>
        </test-method> <!-- teardown -->
        <test-method is-config="true" signature="setup(java.lang.String)[pri:0, instance:Test.com.javaframework.LoginTest@7c6908d7]" started-at="2025-01-17T12:01:06 CST" name="setup" finished-at="2025-01-17T12:01:11 CST" duration-ms="4452" status="PASS">
          <params>
            <param index="0">
              <value>
                <![CDATA[chrome]]>
              </value>
            </param>
          </params>
          <reporter-output>
          </reporter-output>
        </test-method> <!-- setup -->
        <test-method signature="verifyLoginWithValidCredentialDP(java.lang.String,java.lang.String)[pri:5, instance:Test.com.javaframework.LoginTest@7c6908d7]" started-at="2025-01-17T12:01:11 CST" name="verifyLoginWithValidCredentialDP" data-provider="DataforLogin" finished-at="2025-01-17T12:01:17 CST" duration-ms="6485" status="PASS">
          <params>
            <param index="0">
              <value>
                <![CDATA[amotooricap1@gmail.com]]>
              </value>
            </param>
            <param index="1">
              <value>
                <![CDATA[12345]]>
              </value>
            </param>
          </params>
          <reporter-output>
          </reporter-output>
        </test-method> <!-- verifyLoginWithValidCredentialDP -->
        <test-method is-config="true" signature="teardown()[pri:0, instance:Test.com.javaframework.LoginTest@7c6908d7]" started-at="2025-01-17T12:01:17 CST" name="teardown" finished-at="2025-01-17T12:01:18 CST" duration-ms="111" status="PASS">
          <reporter-output>
          </reporter-output>
        </test-method> <!-- teardown -->
      </class> <!-- Test.com.javaframework.LoginTest -->
    </test> <!-- ChromeTest -->
  </suite> <!-- Test Automation Framework Suite -->
</testng-results>
