<?xml version="1.0" encoding="UTF-8"?>
<testng-results ignored="0" total="14" passed="13" failed="1" skipped="0">
  <reporter-output>
  </reporter-output>
  <suite started-at="2025-01-15T22:35:08 CST" name="Test Automation Framework Suite" finished-at="2025-01-15T22:37:11 CST" duration-ms="123554">
    <groups>
    </groups>
    <test started-at="2025-01-15T22:35:08 CST" name="TestFromFramework" finished-at="2025-01-15T22:37:11 CST" duration-ms="123554">
      <class name="Test.com.javaframework.RegisterTest">
        <test-method is-config="true" signature="setup()[pri:0, instance:Test.com.javaframework.RegisterTest@313b2ea6]" started-at="2025-01-15T22:36:22 CST" name="setup" finished-at="2025-01-15T22:36:27 CST" duration-ms="4924" status="PASS">
          <reporter-output>
          </reporter-output>
        </test-method> <!-- setup -->
        <test-method signature="verfiyRegisterAccountWithAllFields()[pri:0, instance:Test.com.javaframework.RegisterTest@313b2ea6]" started-at="2025-01-15T22:36:27 CST" name="verfiyRegisterAccountWithAllFields" finished-at="2025-01-15T22:36:29 CST" duration-ms="2636" status="PASS">
          <reporter-output>
          </reporter-output>
        </test-method> <!-- verfiyRegisterAccountWithAllFields -->
        <test-method is-config="true" signature="teardown()[pri:0, instance:Test.com.javaframework.RegisterTest@313b2ea6]" started-at="2025-01-15T22:36:29 CST" name="teardown" finished-at="2025-01-15T22:36:30 CST" duration-ms="100" status="PASS">
          <reporter-output>
          </reporter-output>
        </test-method> <!-- teardown -->
        <test-method is-config="true" signature="setup()[pri:0, instance:Test.com.javaframework.RegisterTest@313b2ea6]" started-at="2025-01-15T22:36:30 CST" name="setup" finished-at="2025-01-15T22:36:34 CST" duration-ms="4623" status="PASS">
          <reporter-output>
          </reporter-output>
        </test-method> <!-- setup -->
        <test-method signature="verfiyRegisterAccountWithExistingEmail()[pri:0, instance:Test.com.javaframework.RegisterTest@313b2ea6]" started-at="2025-01-15T22:36:34 CST" name="verfiyRegisterAccountWithExistingEmail" finished-at="2025-01-15T22:36:38 CST" duration-ms="4190" status="PASS">
          <reporter-output>
          </reporter-output>
        </test-method> <!-- verfiyRegisterAccountWithExistingEmail -->
        <test-method is-config="true" signature="teardown()[pri:0, instance:Test.com.javaframework.RegisterTest@313b2ea6]" started-at="2025-01-15T22:36:38 CST" name="teardown" finished-at="2025-01-15T22:36:38 CST" duration-ms="101" status="PASS">
          <reporter-output>
          </reporter-output>
        </test-method> <!-- teardown -->
        <test-method is-config="true" signature="setup()[pri:0, instance:Test.com.javaframework.RegisterTest@313b2ea6]" started-at="2025-01-15T22:36:38 CST" name="setup" finished-at="2025-01-15T22:36:43 CST" duration-ms="4917" status="PASS">
          <reporter-output>
          </reporter-output>
        </test-method> <!-- setup -->
        <test-method signature="verfiyRegisterAccountWithMandatoryFields()[pri:0, instance:Test.com.javaframework.RegisterTest@313b2ea6]" started-at="2025-01-15T22:36:43 CST" name="verfiyRegisterAccountWithMandatoryFields" finished-at="2025-01-15T22:36:47 CST" duration-ms="4031" status="PASS">
          <reporter-output>
          </reporter-output>
        </test-method> <!-- verfiyRegisterAccountWithMandatoryFields -->
        <test-method is-config="true" signature="teardown()[pri:0, instance:Test.com.javaframework.RegisterTest@313b2ea6]" started-at="2025-01-15T22:36:47 CST" name="teardown" finished-at="2025-01-15T22:36:48 CST" duration-ms="130" status="PASS">
          <reporter-output>
          </reporter-output>
        </test-method> <!-- teardown -->
        <test-method is-config="true" signature="setup()[pri:0, instance:Test.com.javaframework.RegisterTest@313b2ea6]" started-at="2025-01-15T22:36:48 CST" name="setup" finished-at="2025-01-15T22:36:54 CST" duration-ms="6575" status="PASS">
          <reporter-output>
          </reporter-output>
        </test-method> <!-- setup -->
        <test-method signature="verfiyRegisterAccountWithoutAnyDetails()[pri:0, instance:Test.com.javaframework.RegisterTest@313b2ea6]" started-at="2025-01-15T22:36:54 CST" name="verfiyRegisterAccountWithoutAnyDetails" finished-at="2025-01-15T22:36:55 CST" duration-ms="600" status="PASS">
          <reporter-output>
          </reporter-output>
        </test-method> <!-- verfiyRegisterAccountWithoutAnyDetails -->
        <test-method is-config="true" signature="teardown()[pri:0, instance:Test.com.javaframework.RegisterTest@313b2ea6]" started-at="2025-01-15T22:36:55 CST" name="teardown" finished-at="2025-01-15T22:36:55 CST" duration-ms="102" status="PASS">
          <reporter-output>
          </reporter-output>
        </test-method> <!-- teardown -->
      </class> <!-- Test.com.javaframework.RegisterTest -->
      <class name="Test.com.javaframework.SearchTest">
        <test-method is-config="true" signature="setup()[pri:0, instance:Test.com.javaframework.SearchTest@2f465398]" started-at="2025-01-15T22:36:55 CST" name="setup" finished-at="2025-01-15T22:36:59 CST" duration-ms="3917" status="PASS">
          <reporter-output>
          </reporter-output>
        </test-method> <!-- setup -->
        <test-method signature="verifySearchWithInValidProduct()[pri:0, instance:Test.com.javaframework.SearchTest@2f465398]" started-at="2025-01-15T22:36:59 CST" name="verifySearchWithInValidProduct" finished-at="2025-01-15T22:36:59 CST" duration-ms="558" status="PASS">
          <reporter-output>
          </reporter-output>
        </test-method> <!-- verifySearchWithInValidProduct -->
        <test-method is-config="true" signature="teardown()[pri:0, instance:Test.com.javaframework.SearchTest@2f465398]" started-at="2025-01-15T22:36:59 CST" name="teardown" finished-at="2025-01-15T22:37:00 CST" duration-ms="257" status="PASS">
          <reporter-output>
          </reporter-output>
        </test-method> <!-- teardown -->
        <test-method is-config="true" signature="setup()[pri:0, instance:Test.com.javaframework.SearchTest@2f465398]" started-at="2025-01-15T22:37:00 CST" name="setup" finished-at="2025-01-15T22:37:05 CST" duration-ms="5380" status="PASS">
          <reporter-output>
          </reporter-output>
        </test-method> <!-- setup -->
        <test-method signature="verifySearchWithNoProduct()[pri:0, instance:Test.com.javaframework.SearchTest@2f465398]" started-at="2025-01-15T22:37:05 CST" name="verifySearchWithNoProduct" finished-at="2025-01-15T22:37:05 CST" duration-ms="449" status="PASS">
          <reporter-output>
          </reporter-output>
        </test-method> <!-- verifySearchWithNoProduct -->
        <test-method is-config="true" signature="teardown()[pri:0, instance:Test.com.javaframework.SearchTest@2f465398]" started-at="2025-01-15T22:37:05 CST" name="teardown" finished-at="2025-01-15T22:37:05 CST" duration-ms="85" status="PASS">
          <reporter-output>
          </reporter-output>
        </test-method> <!-- teardown -->
        <test-method is-config="true" signature="setup()[pri:0, instance:Test.com.javaframework.SearchTest@2f465398]" started-at="2025-01-15T22:37:05 CST" name="setup" finished-at="2025-01-15T22:37:10 CST" duration-ms="4844" status="PASS">
          <reporter-output>
          </reporter-output>
        </test-method> <!-- setup -->
        <test-method signature="verifySearchWithValidProduct()[pri:0, instance:Test.com.javaframework.SearchTest@2f465398]" started-at="2025-01-15T22:37:10 CST" name="verifySearchWithValidProduct" finished-at="2025-01-15T22:37:11 CST" duration-ms="798" status="PASS">
          <reporter-output>
          </reporter-output>
        </test-method> <!-- verifySearchWithValidProduct -->
        <test-method is-config="true" signature="teardown()[pri:0, instance:Test.com.javaframework.SearchTest@2f465398]" started-at="2025-01-15T22:37:11 CST" name="teardown" finished-at="2025-01-15T22:37:11 CST" duration-ms="81" status="PASS">
          <reporter-output>
          </reporter-output>
        </test-method> <!-- teardown -->
      </class> <!-- Test.com.javaframework.SearchTest -->
      <class name="Test.com.javaframework.LoginTest">
        <test-method is-config="true" signature="setup()[pri:0, instance:Test.com.javaframework.LoginTest@5aebe890]" started-at="2025-01-15T22:35:08 CST" name="setup" finished-at="2025-01-15T22:35:14 CST" duration-ms="5629" status="PASS">
          <reporter-output>
          </reporter-output>
        </test-method> <!-- setup -->
        <test-method signature="verifyLoginWithValidCredential()[pri:1, instance:Test.com.javaframework.LoginTest@5aebe890]" started-at="2025-01-15T22:35:14 CST" name="verifyLoginWithValidCredential" finished-at="2025-01-15T22:35:15 CST" duration-ms="1776" status="PASS">
          <reporter-output>
          </reporter-output>
        </test-method> <!-- verifyLoginWithValidCredential -->
        <test-method is-config="true" signature="teardown()[pri:0, instance:Test.com.javaframework.LoginTest@5aebe890]" started-at="2025-01-15T22:35:15 CST" name="teardown" finished-at="2025-01-15T22:35:15 CST" duration-ms="87" status="PASS">
          <reporter-output>
          </reporter-output>
        </test-method> <!-- teardown -->
        <test-method is-config="true" signature="setup()[pri:0, instance:Test.com.javaframework.LoginTest@5aebe890]" started-at="2025-01-15T22:35:15 CST" name="setup" finished-at="2025-01-15T22:35:20 CST" duration-ms="4739" status="PASS">
          <reporter-output>
          </reporter-output>
        </test-method> <!-- setup -->
        <test-method signature="verifyLoginWithInValidCredential()[pri:2, instance:Test.com.javaframework.LoginTest@5aebe890]" started-at="2025-01-15T22:35:20 CST" name="verifyLoginWithInValidCredential" finished-at="2025-01-15T22:35:21 CST" duration-ms="914" status="PASS">
          <reporter-output>
          </reporter-output>
        </test-method> <!-- verifyLoginWithInValidCredential -->
        <test-method is-config="true" signature="teardown()[pri:0, instance:Test.com.javaframework.LoginTest@5aebe890]" started-at="2025-01-15T22:35:21 CST" name="teardown" finished-at="2025-01-15T22:35:21 CST" duration-ms="158" status="PASS">
          <reporter-output>
          </reporter-output>
        </test-method> <!-- teardown -->
        <test-method is-config="true" signature="setup()[pri:0, instance:Test.com.javaframework.LoginTest@5aebe890]" started-at="2025-01-15T22:35:21 CST" name="setup" finished-at="2025-01-15T22:35:25 CST" duration-ms="4232" status="PASS">
          <reporter-output>
          </reporter-output>
        </test-method> <!-- setup -->
        <test-method signature="verifyLoginWithInValidEmailInvalidPassword()[pri:3, instance:Test.com.javaframework.LoginTest@5aebe890]" started-at="2025-01-15T22:35:25 CST" name="verifyLoginWithInValidEmailInvalidPassword" finished-at="2025-01-15T22:35:26 CST" duration-ms="885" status="PASS">
          <reporter-output>
          </reporter-output>
        </test-method> <!-- verifyLoginWithInValidEmailInvalidPassword -->
        <test-method is-config="true" signature="teardown()[pri:0, instance:Test.com.javaframework.LoginTest@5aebe890]" started-at="2025-01-15T22:35:26 CST" name="teardown" finished-at="2025-01-15T22:35:26 CST" duration-ms="118" status="PASS">
          <reporter-output>
          </reporter-output>
        </test-method> <!-- teardown -->
        <test-method is-config="true" signature="setup()[pri:0, instance:Test.com.javaframework.LoginTest@5aebe890]" started-at="2025-01-15T22:35:26 CST" name="setup" finished-at="2025-01-15T22:35:31 CST" duration-ms="4740" status="PASS">
          <reporter-output>
          </reporter-output>
        </test-method> <!-- setup -->
        <test-method signature="verifyLoginWithBlankEmailAndPassword()[pri:4, instance:Test.com.javaframework.LoginTest@5aebe890]" started-at="2025-01-15T22:35:31 CST" name="verifyLoginWithBlankEmailAndPassword" finished-at="2025-01-15T22:35:32 CST" duration-ms="762" status="PASS">
          <reporter-output>
          </reporter-output>
        </test-method> <!-- verifyLoginWithBlankEmailAndPassword -->
        <test-method is-config="true" signature="teardown()[pri:0, instance:Test.com.javaframework.LoginTest@5aebe890]" started-at="2025-01-15T22:35:32 CST" name="teardown" finished-at="2025-01-15T22:35:32 CST" duration-ms="111" status="PASS">
          <reporter-output>
          </reporter-output>
        </test-method> <!-- teardown -->
        <test-method is-config="true" signature="setup()[pri:0, instance:Test.com.javaframework.LoginTest@5aebe890]" started-at="2025-01-15T22:35:33 CST" name="setup" finished-at="2025-01-15T22:35:39 CST" duration-ms="6064" status="PASS">
          <reporter-output>
          </reporter-output>
        </test-method> <!-- setup -->
        <test-method signature="verifyLoginWithValidCredentialDP(java.lang.String,java.lang.String)[pri:5, instance:Test.com.javaframework.LoginTest@5aebe890]" started-at="2025-01-15T22:35:39 CST" name="verifyLoginWithValidCredentialDP" data-provider="DataforLogin" finished-at="2025-01-15T22:35:55 CST" duration-ms="15919" status="FAIL">
          <params>
            <param index="0">
              <value>
                <![CDATA[amotooricap9@gmail.com]]>
              </value>
            </param>
            <param index="1">
              <value>
                <![CDATA[12345]]>
              </value>
            </param>
          </params>
          <exception class="org.openqa.selenium.NoSuchElementException">
            <message>
              <![CDATA[no such element: Unable to locate element: {"method":"link text","selector":"Edit your account information"}
  (Session info: chrome=131.0.6778.265)
For documentation on this error, please visit: https://www.selenium.dev/documentation/webdriver/troubleshooting/errors#no-such-element-exception
Build info: version: '4.27.0', revision: 'd6e718d134'
System info: os.name: 'Windows 11', os.arch: 'amd64', os.version: '10.0', java.version: '23.0.1'
Driver info: org.openqa.selenium.chrome.ChromeDriver
Command: [e357bc40630d6f50206c400d61644783, findElement {using=link text, value=Edit your account information}]
Capabilities {acceptInsecureCerts: false, browserName: chrome, browserVersion: 131.0.6778.265, chrome: {chromedriverVersion: 131.0.6778.264 (2d05e315153..., userDataDir: C:\Users\desti\AppData\Loca...}, fedcm:accounts: true, goog:chromeOptions: {debuggerAddress: localhost:51315}, networkConnectionEnabled: false, pageLoadStrategy: normal, platformName: windows, proxy: Proxy(), se:cdp: ws://localhost:51315/devtoo..., se:cdpVersion: 131.0.6778.265, setWindowRect: true, strictFileInteractability: false, timeouts: {implicit: 0, pageLoad: 300000, script: 30000}, unhandledPromptBehavior: dismiss and notify, webauthn:extension:credBlob: true, webauthn:extension:largeBlob: true, webauthn:extension:minPinLength: true, webauthn:extension:prf: true, webauthn:virtualAuthenticators: true}
Session ID: e357bc40630d6f50206c400d61644783]]>
            </message>
            <full-stacktrace>
              <![CDATA[org.openqa.selenium.NoSuchElementException: no such element: Unable to locate element: {"method":"link text","selector":"Edit your account information"}
  (Session info: chrome=131.0.6778.265)
For documentation on this error, please visit: https://www.selenium.dev/documentation/webdriver/troubleshooting/errors#no-such-element-exception
Build info: version: '4.27.0', revision: 'd6e718d134'
System info: os.name: 'Windows 11', os.arch: 'amd64', os.version: '10.0', java.version: '23.0.1'
Driver info: org.openqa.selenium.chrome.ChromeDriver
Command: [e357bc40630d6f50206c400d61644783, findElement {using=link text, value=Edit your account information}]
Capabilities {acceptInsecureCerts: false, browserName: chrome, browserVersion: 131.0.6778.265, chrome: {chromedriverVersion: 131.0.6778.264 (2d05e315153..., userDataDir: C:\Users\desti\AppData\Loca...}, fedcm:accounts: true, goog:chromeOptions: {debuggerAddress: localhost:51315}, networkConnectionEnabled: false, pageLoadStrategy: normal, platformName: windows, proxy: Proxy(), se:cdp: ws://localhost:51315/devtoo..., se:cdpVersion: 131.0.6778.265, setWindowRect: true, strictFileInteractability: false, timeouts: {implicit: 0, pageLoad: 300000, script: 30000}, unhandledPromptBehavior: dismiss and notify, webauthn:extension:credBlob: true, webauthn:extension:largeBlob: true, webauthn:extension:minPinLength: true, webauthn:extension:prf: true, webauthn:virtualAuthenticators: true}
Session ID: e357bc40630d6f50206c400d61644783
at java.base/jdk.internal.reflect.DirectConstructorHandleAccessor.newInstance(DirectConstructorHandleAccessor.java:62)
at java.base/java.lang.reflect.Constructor.newInstanceWithCaller(Constructor.java:501)
at java.base/java.lang.reflect.Constructor.newInstance(Constructor.java:485)
at org.openqa.selenium.remote.ErrorCodec.decode(ErrorCodec.java:167)
at org.openqa.selenium.remote.codec.w3c.W3CHttpResponseCodec.decode(W3CHttpResponseCodec.java:138)
at org.openqa.selenium.remote.codec.w3c.W3CHttpResponseCodec.decode(W3CHttpResponseCodec.java:50)
at org.openqa.selenium.remote.HttpCommandExecutor.execute(HttpCommandExecutor.java:190)
at org.openqa.selenium.remote.service.DriverCommandExecutor.invokeExecute(DriverCommandExecutor.java:216)
at org.openqa.selenium.remote.service.DriverCommandExecutor.execute(DriverCommandExecutor.java:174)
at org.openqa.selenium.remote.RemoteWebDriver.execute(RemoteWebDriver.java:545)
at org.openqa.selenium.remote.ElementLocation$ElementFinder$2.findElement(ElementLocation.java:165)
at org.openqa.selenium.remote.ElementLocation.findElement(ElementLocation.java:59)
at org.openqa.selenium.remote.RemoteWebDriver.findElement(RemoteWebDriver.java:368)
at org.openqa.selenium.remote.RemoteWebDriver.findElement(RemoteWebDriver.java:362)
at org.openqa.selenium.support.pagefactory.DefaultElementLocator.findElement(DefaultElementLocator.java:68)
at org.openqa.selenium.support.pagefactory.internal.LocatingElementHandler.invoke(LocatingElementHandler.java:38)
at jdk.proxy2/jdk.proxy2.$Proxy15.isDisplayed(Unknown Source)
at pageObjects.AccountPage.verifyenterYourAccountInformationBannerDisplay(AccountPage.java:22)
at Test.com.javaframework.LoginTest.verifyLoginWithValidCredentialDP(LoginTest.java:59)
at java.base/jdk.internal.reflect.DirectMethodHandleAccessor.invoke(DirectMethodHandleAccessor.java:103)
at java.base/java.lang.reflect.Method.invoke(Method.java:580)
at org.testng.internal.invokers.MethodInvocationHelper.invokeMethod(MethodInvocationHelper.java:141)
at org.testng.internal.invokers.TestInvoker.invokeMethod(TestInvoker.java:686)
at org.testng.internal.invokers.TestInvoker.invokeTestMethod(TestInvoker.java:230)
at org.testng.internal.invokers.MethodRunner.runInSequence(MethodRunner.java:63)
at org.testng.internal.invokers.TestInvoker$MethodInvocationAgent.invoke(TestInvoker.java:992)
at org.testng.internal.invokers.TestInvoker.invokeTestMethods(TestInvoker.java:203)
at org.testng.internal.invokers.TestMethodWorker.invokeTestMethods(TestMethodWorker.java:154)
at org.testng.internal.invokers.TestMethodWorker.run(TestMethodWorker.java:134)
at java.base/java.util.ArrayList.forEach(ArrayList.java:1597)
at org.testng.TestRunner.privateRun(TestRunner.java:739)
at org.testng.TestRunner.run(TestRunner.java:614)
at org.testng.SuiteRunner.runTest(SuiteRunner.java:421)
at org.testng.SuiteRunner.runSequentially(SuiteRunner.java:413)
at org.testng.SuiteRunner.privateRun(SuiteRunner.java:373)
at org.testng.SuiteRunner.run(SuiteRunner.java:312)
at org.testng.SuiteRunnerWorker.runSuite(SuiteRunnerWorker.java:52)
at org.testng.SuiteRunnerWorker.run(SuiteRunnerWorker.java:95)
at org.testng.TestNG.runSuitesSequentially(TestNG.java:1274)
at org.testng.TestNG.runSuitesLocally(TestNG.java:1208)
at org.testng.TestNG.runSuites(TestNG.java:1112)
at org.testng.TestNG.run(TestNG.java:1079)
at org.testng.remote.AbstractRemoteTestNG.run(AbstractRemoteTestNG.java:115)
at org.testng.remote.RemoteTestNG.initAndRun(RemoteTestNG.java:293)
at org.testng.remote.RemoteTestNG.main(RemoteTestNG.java:91)
]]>
            </full-stacktrace>
          </exception> <!-- org.openqa.selenium.NoSuchElementException -->
          <reporter-output>
          </reporter-output>
        </test-method> <!-- verifyLoginWithValidCredentialDP -->
        <test-method is-config="true" signature="teardown()[pri:0, instance:Test.com.javaframework.LoginTest@5aebe890]" started-at="2025-01-15T22:35:55 CST" name="teardown" finished-at="2025-01-15T22:35:55 CST" duration-ms="299" status="PASS">
          <reporter-output>
          </reporter-output>
        </test-method> <!-- teardown -->
        <test-method is-config="true" signature="setup()[pri:0, instance:Test.com.javaframework.LoginTest@5aebe890]" started-at="2025-01-15T22:35:55 CST" name="setup" finished-at="2025-01-15T22:36:02 CST" duration-ms="6117" status="PASS">
          <reporter-output>
          </reporter-output>
        </test-method> <!-- setup -->
        <test-method signature="verifyLoginWithValidCredentialDP(java.lang.String,java.lang.String)[pri:5, instance:Test.com.javaframework.LoginTest@5aebe890]" started-at="2025-01-15T22:36:02 CST" name="verifyLoginWithValidCredentialDP" data-provider="DataforLogin" finished-at="2025-01-15T22:36:08 CST" duration-ms="6419" status="PASS">
          <params>
            <param index="0">
              <value>
                <![CDATA[amotooricap3@gmail.com]]>
              </value>
            </param>
            <param index="1">
              <value>
                <![CDATA[12345]]>
              </value>
            </param>
          </params>
          <reporter-output>
          </reporter-output>
        </test-method> <!-- verifyLoginWithValidCredentialDP -->
        <test-method is-config="true" signature="teardown()[pri:0, instance:Test.com.javaframework.LoginTest@5aebe890]" started-at="2025-01-15T22:36:08 CST" name="teardown" finished-at="2025-01-15T22:36:08 CST" duration-ms="305" status="PASS">
          <reporter-output>
          </reporter-output>
        </test-method> <!-- teardown -->
        <test-method is-config="true" signature="setup()[pri:0, instance:Test.com.javaframework.LoginTest@5aebe890]" started-at="2025-01-15T22:36:08 CST" name="setup" finished-at="2025-01-15T22:36:15 CST" duration-ms="6603" status="PASS">
          <reporter-output>
          </reporter-output>
        </test-method> <!-- setup -->
        <test-method signature="verifyLoginWithValidCredentialDP(java.lang.String,java.lang.String)[pri:5, instance:Test.com.javaframework.LoginTest@5aebe890]" started-at="2025-01-15T22:36:15 CST" name="verifyLoginWithValidCredentialDP" data-provider="DataforLogin" finished-at="2025-01-15T22:36:22 CST" duration-ms="6899" status="PASS">
          <params>
            <param index="0">
              <value>
                <![CDATA[amotooricap1@gmail.com]]>
              </value>
            </param>
            <param index="1">
              <value>
                <![CDATA[12345]]>
              </value>
            </param>
          </params>
          <reporter-output>
          </reporter-output>
        </test-method> <!-- verifyLoginWithValidCredentialDP -->
        <test-method is-config="true" signature="teardown()[pri:0, instance:Test.com.javaframework.LoginTest@5aebe890]" started-at="2025-01-15T22:36:22 CST" name="teardown" finished-at="2025-01-15T22:36:22 CST" duration-ms="65" status="PASS">
          <reporter-output>
          </reporter-output>
        </test-method> <!-- teardown -->
      </class> <!-- Test.com.javaframework.LoginTest -->
    </test> <!-- TestFromFramework -->
  </suite> <!-- Test Automation Framework Suite -->
</testng-results>
